Rendering main page
Pulling new data...
Need to download 19 rounds of data
Batch No 1 pulled, status code 200
Batch No 2 pulled, status code 200
Batch No 3 pulled, status code 200
Batch No 4 pulled, status code 200
Batch No 5 pulled, status code 200
Batch No 6 pulled, status code 200
Batch No 7 pulled, status code 200
Batch No 8 pulled, status code 200
Batch No 9 pulled, status code 200
Batch No 10 pulled, status code 200
Batch No 11 pulled, status code 200
Batch No 12 pulled, status code 200
Batch No 13 pulled, status code 200
Batch No 14 pulled, status code 200
Batch No 15 pulled, status code 200
Batch No 16 pulled, status code 200
Batch No 17 pulled, status code 200
Batch No 18 pulled, status code 200
Batch No 19 pulled, status code 200
2025-11-23 13:29:05,521 - INFO - Rendering main page
2025-11-23 13:29:05,547 - INFO - Pulling new data...
2025-11-23 13:29:05,630 - DEBUG - Need to download 19 rounds of data
2025-11-23 13:29:10,072 - INFO - Batch No 1 pulled, status code 200
2025-11-23 13:29:23,598 - ERROR - Error during request: 2('Connection aborted.', RemoteDisconnected('Remote end closed connection without response'))
2025-11-23 13:29:28,181 - INFO - Batch No 3 pulled, status code 200
2025-11-23 13:29:30,560 - INFO - Batch No 4 pulled, status code 200
2025-11-23 13:29:31,816 - INFO - Batch No 5 pulled, status code 200
2025-11-23 13:29:32,849 - INFO - Batch No 6 pulled, status code 200
2025-11-23 13:29:34,030 - INFO - Batch No 7 pulled, status code 200
2025-11-23 13:29:35,574 - INFO - Batch No 8 pulled, status code 200
2025-11-23 13:29:41,342 - ERROR - Error during request: 9('Connection aborted.', RemoteDisconnected('Remote end closed connection without response'))
2025-11-23 13:29:46,236 - INFO - Batch No 10 pulled, status code 200
2025-11-23 13:29:47,749 - INFO - Batch No 11 pulled, status code 200
2025-11-23 13:29:48,961 - INFO - Batch No 12 pulled, status code 200
2025-11-23 13:29:50,657 - INFO - Batch No 13 pulled, status code 200
2025-11-23 13:29:52,139 - INFO - Batch No 14 pulled, status code 200
2025-11-23 13:29:53,379 - INFO - Batch No 15 pulled, status code 200
2025-11-23 13:29:54,543 - INFO - Batch No 16 pulled, status code 200
2025-11-23 13:29:55,679 - INFO - Batch No 17 pulled, status code 200
2025-11-23 13:29:56,915 - INFO - Batch No 18 pulled, status code 200
2025-11-23 13:29:59,876 - INFO - Batch No 19 pulled, status code 200
2025-11-23 13:31:00,639 - INFO - Pulling new data...
2025-11-23 13:31:00,710 - DEBUG - Need to download 19 rounds of data
2025-11-23 13:31:02,103 - INFO - Batch No 1 pulled, status code 200
2025-11-23 13:31:03,469 - INFO - Batch No 2 pulled, status code 200
2025-11-23 13:31:05,118 - INFO - Batch No 3 pulled, status code 200
2025-11-23 13:31:06,742 - INFO - Batch No 4 pulled, status code 200
2025-11-23 13:31:08,283 - INFO - Batch No 5 pulled, status code 200
2025-11-23 13:31:09,879 - INFO - Batch No 6 pulled, status code 200
2025-11-23 13:31:12,041 - INFO - Batch No 7 pulled, status code 200
2025-11-23 13:31:13,549 - INFO - Batch No 8 pulled, status code 200
2025-11-23 13:31:15,438 - INFO - Batch No 9 pulled, status code 200
2025-11-23 13:31:16,366 - INFO - Batch No 10 pulled, status code 200
2025-11-23 13:31:17,456 - INFO - Batch No 11 pulled, status code 200
2025-11-23 13:31:18,926 - INFO - Batch No 12 pulled, status code 200
2025-11-23 13:31:19,857 - INFO - Batch No 13 pulled, status code 200
2025-11-23 13:31:20,795 - INFO - Batch No 14 pulled, status code 200
2025-11-23 13:31:21,662 - INFO - Batch No 15 pulled, status code 200
2025-11-23 13:31:22,513 - INFO - Batch No 16 pulled, status code 200
2025-11-23 13:31:23,741 - INFO - Batch No 17 pulled, status code 200
2025-11-23 13:31:24,762 - INFO - Batch No 18 pulled, status code 200
2025-11-23 13:31:26,042 - INFO - Batch No 19 pulled, status code 200
2025-11-23 13:33:00,026 - INFO - Pulling new data...
2025-11-23 13:33:00,117 - DEBUG - Need to download 19 rounds of data
2025-11-23 13:33:01,689 - INFO - Batch No 1 pulled, status code 200
2025-11-23 13:33:02,640 - INFO - Batch No 2 pulled, status code 200
2025-11-23 13:33:04,627 - INFO - Batch No 3 pulled, status code 200
2025-11-23 13:33:06,021 - INFO - Batch No 4 pulled, status code 200
2025-11-23 13:33:10,190 - INFO - Batch No 5 pulled, status code 200
2025-11-23 13:33:11,281 - INFO - Batch No 6 pulled, status code 200
2025-11-23 13:33:12,378 - INFO - Batch No 7 pulled, status code 200
2025-11-23 13:33:13,343 - INFO - Batch No 8 pulled, status code 200
2025-11-23 13:33:14,274 - INFO - Batch No 9 pulled, status code 200
2025-11-23 13:33:15,572 - INFO - Batch No 10 pulled, status code 200
2025-11-23 13:33:18,333 - INFO - Batch No 11 pulled, status code 200
2025-11-23 13:33:19,434 - INFO - Batch No 12 pulled, status code 200
2025-11-23 13:33:20,786 - INFO - Batch No 13 pulled, status code 200
2025-11-23 13:33:21,713 - INFO - Batch No 14 pulled, status code 200
2025-11-23 13:33:22,964 - INFO - Batch No 15 pulled, status code 200
2025-11-23 13:33:24,455 - INFO - Batch No 16 pulled, status code 200
2025-11-23 13:33:26,462 - INFO - Batch No 17 pulled, status code 200
2025-11-23 13:33:28,845 - INFO - Batch No 18 pulled, status code 200
2025-11-23 13:33:30,020 - INFO - Batch No 19 pulled, status code 200
2025-11-23 13:48:00,020 - INFO - Pulling new data...
2025-11-23 13:48:00,159 - DEBUG - Need to download 19 rounds of data
2025-11-23 13:48:01,468 - INFO - Batch No 1 pulled, status code 200
2025-11-23 13:48:03,043 - INFO - Batch No 2 pulled, status code 200
2025-11-23 13:48:04,998 - INFO - Batch No 3 pulled, status code 200
2025-11-23 13:48:06,173 - INFO - Batch No 4 pulled, status code 200
2025-11-23 13:48:07,749 - INFO - Batch No 5 pulled, status code 200
2025-11-23 13:48:09,216 - INFO - Batch No 6 pulled, status code 200
2025-11-23 13:48:10,250 - INFO - Batch No 7 pulled, status code 200
2025-11-23 13:48:11,972 - INFO - Batch No 8 pulled, status code 200
2025-11-23 13:48:13,006 - INFO - Batch No 9 pulled, status code 200
2025-11-23 13:48:14,211 - INFO - Batch No 10 pulled, status code 200
2025-11-23 13:48:15,500 - INFO - Batch No 11 pulled, status code 200
2025-11-23 13:48:16,980 - INFO - Batch No 12 pulled, status code 200
2025-11-23 13:48:22,180 - ERROR - Error during request: 13HTTPSConnectionPool(host='aviationweather.gov', port=443): Max retries exceeded with url: /api/data/metar?ids=YOUY%2CSAZH%2CSOOG%2CKOZA%2CRPMO%2CUKDE%2CLEMO%2CKOZR%2CGMMZ%2CVYPA%2CVABI%2CMPMG%2CEDLP%2CKPAE%2CHUKF%2CRPMP%2CKPAH%2COPPC%2CPHPA%2CSKPQ%2CKPAM%2CVTSK%2CKPAO%2CMTPP%2CPAAQ%2CLGPA%2CVEPT%2CVYPK%2CSBUF%2CMTPX%2CWBKP%2CMMPA%2CSSPN%2CMMPB%2CVAPR%2CSKPR%2CKPBF%2CKPBG%2CVQPR%2CKPBI%2CNVSI%2CSVPC%2CSMJP%2CFNPA%2CYPBO%2CMRIA%2CSWPM%2CMGPB%2CVYPT%2CSWPQ%2CFAPG%2CPAOC%2CWIHP%2CKPDC%2CFAPS%2CMHPC%2CSPCL%2CNZPN%2CMMPL%2CFPPR%2CSKPC%2CSNPC%2CSKPD%2CNWWQ%2CFQPO%2CYPDI%2CSNRD%2CWIPT%2CKPDK%2CLPPD%2CMPPD%2CYPDA%2CWIPQ%2CSULS%2CMMPG%2CKPDT%2CSUPU%2CLBPD%2CKPDX%2CSVPE%2CYPSH%2CLKPD%2CUSPP%2CEDCP%2CLIRZ%2CSAZP%2CSKPE%2CZBAA%2CFXPG%2CSPTU%2CWMKP%2CKPEQ%2CYPPH%2CULPB%2CSBPK%2CMHPL%2CLHPP%2COPPS%2CUUYP%2CYPNG%2CUWPP%2CSBPF%2CBIPA%2CLCPH%2COITP%2CFZVS%2CKPGA%2CAYPC%2CKPGD%2CLFMP%2CVIPT%2CFNCH%2CWIPK%2CKPQL%2CAYPG%2CKPSO%2CWAME%2CKPGR%2COIBP%2CKPGV%2CLFBX%2CSSZW%2CVVPR%2CSBPB%2CDNPO%2CKPHD%2CYPPD%2CKPHF%2CSNYE%2CKPHK%2CKPHL%2CKPHN%2CPAPO%2CKPHP%2CYTMO%2CVTPP%2CKPHT%2CFAPH%2CKPHX%2CVTPB%2CKPIA%2CKPIB%2CMBPI%2CKPIE%2CRCSQ%2CKPIH%2CEGPK%2CSGPI%2CKPIM%2CSWPI%2CSPSO%2CPAPN%2CKPIR%2CLFBI%2CKPIT%2CSPUR%2CSNPX%2CCZMN%2CLPPI%2CPPIZ%2CESUP%2CKPAN%2CSGPJ%2COPPG%2CMRPJ%2CPAPK%2CKPKB%2CUHPP%2CKPKD%2CYPKS%2CKPKF%2CWMPA%2CVYPU%2CWAOI%2CDBBP%2CNTGP%2CYPKT%2CWIBB%2CULOO%2CFBSP%2CZBAD%2CWAGG%2CVLPS%2CMRCR%2CFTTP%2CKPLK%2CSBMN%2CWIPP%2CKPLN%2CYPLC%2CEYPA%2CKPLR%2CMBPV%2CSKPL%2CSBBH%2CUKHP%2CWAFF%2CUASS%2CFAPE%2CHTPE%2CKPMB%2CSCTE%2CKPMD%2CLIMP%2CSBPP%2CKPMH%2CLEPA%2CYPAM%2CPAAL%2CAYPQ%2CLICJ%2CSAWP%2CNZPM%2COSPR%2CSYPM%2CSVMG%2CSBPJ%2CSAVY%2CMRPM%2CLEPP%2CSBPN%2CKPNC%2CKPNE%2CSSPG%2CVDPP%2CPTPN%2CWIOO%2CLICG%2CKPNN%2CAYGR%2CVAPO%2CFCPP%2CKPNS%2CSCNT%2CEYPP%2CKGYI%2CVOPC%2CSBPL%2CSBPA%2CKPOB%2CKPOC%2CGOSP%2CKPOE%2CKPOF%2CFOOG%2CSLPO%2CSNPD%2CFQPB%2CAYPY%2CMGPP%2CSBPC%2CMDPP%2CEFPO%2CTTPP%2CMKKJ%2CKPOU%2CLZPW%2CLJPZ%2CLFPT%2CKPOY%2CEPPO%2CKPPA%2CSBDN%2CPAPR%2CKPPF%2CNSTU%2CSVPH%2CYPIR%2CUACP%2CVNPL%2CKPMP%2CSKPP%2CYBPN%2CNZPP%2CWIDE%2CRPVP%2CNTAA%2CVYPP%2CEGEP%2CSNZA%2CSVDZ%2CVVPQ%2CKPQI%2CMMPQ%2CYPMQ%2CSAAP%2CKPRB%2CKPRC%2CYPDO%2CLKPR%2CVTCP%2CFSPP%2CFAPK%2CLPPM%2CBKPR%2CKPRO%2CLFKO%2CSYPR%2CAGGP%2CVYPY%2CLKPO%2CKPRX%2CFAWB%2CLIRP%2CKPSC%2CHEPS%2CTJPS%2CKPSF%2CPAPG%2CEDXO%2COPPI%2CWAFP%2CKPSK%2CEGPT%2CKPSM%2CKPSN%2CSKPS%2CKPSP%2CLIBP%2CSARP%2CWIOP%2CSNOS%2CKPSX%2CSFAL%2CSLPS%2CKPTB%2CNFFO%2CFAPP%2CPAPH%2CYPOD%2CKPTK%2CSVPT%2CKPTN%2CSSPB%2CTFFR%2CSNMZ%2CKPTT%2CPAPM%2CKPTV%2CKPTW%2CSKPI%2CMPTO%2CSESM%2CKPUB%2CKPUC%2CSAWD%2CMPOA%2CLFBP%2CYPAG%2CMDPC%2CNTGQ%2CFZOP%2CDFCP%2CSCCI%2CSLPR%2CRKPK%2CVOPN%2CSKAS%2CNWWP%2CKPUW%2CSCPV%2CLDPL%2CMNPC%2CSKPV%2CKPVC%2CKPVD%2CMPVR%2CKPVF%2CZSPD%2CSBPV%2CSSPI%2CLGPZ%2CKPBX%2CSEPV%2CMMPR%2CUHMD%2CKPVU%2CKPVW%2CKPWA%2CKPWD%2CUHMP%2CHAPW%2CKPWK%2CKPWM%2CMYCP%2CUASP%2CKPWT%2CKPNA%2CYPMH%2CMMPS%2CLPPS%2CVTUJ%2CVVPK%2CSKVL%2CVEJP%2CNCPY%2CSVPA%2CUERP%2COIIP%2CKPYM&format=json&taf=false&hours=1&date=20251123_1848 (Caused by SSLError(SSLEOFError(8, '[SSL: UNEXPECTED_EOF_WHILE_READING] EOF occurred in violation of protocol (_ssl.c:1006)')))
2025-11-23 13:48:24,219 - INFO - Batch No 14 pulled, status code 200
2025-11-23 13:48:25,116 - INFO - Batch No 15 pulled, status code 200
2025-11-23 13:48:26,130 - INFO - Batch No 16 pulled, status code 200
2025-11-23 13:48:28,359 - INFO - Batch No 17 pulled, status code 200
2025-11-23 13:48:33,270 - INFO - Batch No 18 pulled, status code 200
2025-11-23 13:48:40,098 - ERROR - Error during request: 19HTTPSConnectionPool(host='aviationweather.gov', port=443): Max retries exceeded with url: /api/data/metar?ids=CYLC%2CCYLD%2CYYAL%2CCYLH%2CEFYL%2CCYLJ%2CCYLS%2CCYLL%2CCYLQ%2CCYLR%2CCYLT%2CUBEE%2CCYLW%2CZGYL%2CCYNJ%2CCYMA%2CCYME%2CCYMG%2CCYMH%2CCYMJ%2CUSDK%2CCYML%2CCYMM%2CCYFT%2CCYMO%2CSPMS%2CCYMT%2CCYMW%2CCYMX%2CCYNA%2COEYN%2CCYNC%2CCYND%2CCYNE%2CKYNG%2CCYNH%2CZYYJ%2CCYNL%2CCYNM%2CCYHH%2CRKNY%2CZSYN%2CCYOA%2CCYOC%2CCYOD%2CCYOH%2CCYOJ%2CDNYO%2CCYOO%2CCYOP%2CCYOS%2CLLYO%2CCYOW%2CCYPA%2CCYPC%2CCYPE%2CCYPG%2CCYPH%2CCYLA%2CCYPL%2CCYPM%2CCYPN%2CCYPO%2CCYPQ%2CCYPR%2CCYPD%2CCYPW%2CCYPX%2CCYPY%2CCYPZ%2CCYQA%2CCYQB%2CCYHA%2CCYQD%2CCYQF%2CCYQG%2CCYQH%2CCYQI%2CCYQK%2CCYQL%2CCYQM%2CCYQN%2CCYQQ%2CCYQR%2CCYQS%2CCYQT%2CCYQU%2CCYQV%2CCYQW%2CCYQX%2CCYQY%2CCYQZ%2CCYRA%2CCYRB%2CCYCA%2CCYRI%2CCYRJ%2CCYRL%2CCYRM%2CCYRO%2CCYRQ%2CCYRS%2CCYRT%2CCYRV%2CCYSB%2CCYSC%2CCYSE%2CCYSF%2CCYLK%2CCYSH%2CCYSJ%2CCYSK%2CCYSL%2CCYSM%2CCZAM%2CCYSP%2CZYSQ%2CCYST%2CCYSU%2CCYSY%2CCYTA%2CCZLQ%2CCYTE%2CCYTF%2CCYTH%2CCYTL%2CCYFJ%2CCYTQ%2CCYTR%2CCYTS%2CZWYT%2CZSYA%2CCYTZ%2CCYUB%2CCYMU%2CYYND%2CCYUL%2CKNYL%2CZYLS%2CCYUT%2CCYUX%2CCYUY%2CCYVB%2CCYVC%2CAYXE%2CCYVK%2CCYVG%2CCYVM%2CCYVO%2CCYVP%2CCYVQ%2CCYVR%2CCYVT%2CCYVV%2CCYVZ%2CCYWA%2CCYKG%2CCYWG%2CCYWJ%2CCYWK%2CCYWL%2CCYWP%2CCYWY%2CCYXC%2CCYXE%2CCYXH%2CCYXJ%2CCYXK%2CCYXL%2CCYXN%2CCYXP%2CCYXQ%2CCYXR%2CCYXS%2CCYXT%2CCYXU%2CCYXX%2CCYXY%2CCYXZ%2CCYYB%2CCYYC%2CCYYD%2CCYYE%2CCYYF%2CCYYG%2CCYYH%2CCYYJ%2CCYYL%2CCYYM%2CCYYN%2CCYYQ%2CCYYR%2CCYYT%2CCYYU%2CCYYW%2CCYYY%2CCYYZ%2CCYZD%2CCYZE%2CCYZF%2CCYZG%2CCYZH%2CCYZP%2CCYZR%2CCYZS%2CCYZT%2CCYZU%2CCYZV%2CCYZW%2CCYZX%2CCZAC%2CLDZD%2CLDZA%2COIZH%2COAZJ%2CSCVD%2CRPMZ%2CLFCC%2CDNZA%2CZPZT%2CLEZG%2CLKZA%2CCZBF%2CCZBM%2CYBWN%2COIZC%2CVLSB%2CMMZC%2CETHC%2CSCQP%2CFASC%2CCBBC%2CCZEM%2CVEZO%2CCZFA%2CCZFD%2CCZFM%2CCZFN%2CCZGF%2CCZGI%2CYSGW%2CFLNA%2CCZGR%2CNVSQ%2CLSZG%2CVGSH%2CCZHP%2CZLZW%2CUUBW%2CSCTO%2CGOGG%2CMMZH%2CHLZN%2CUWKV%2CCZJG%2CCZJN%2CFLKY%2CCZKE%2CUESU%2CMMZO%2CSCLN%2CHSZA%2CEDBM%2CCZML%2CMMZM%2CCZMT%2CDRZR%2CYNWN%2CHTZA%2CSCJO%2CCZPB%2CSCPC%2CKZPH%2CCZPO%2CEDTD%2CNZQN%2CEDRZ%2CLSZH%2CCZRJ%2CWAJI%2CSVCE%2CMYSM%2CFMEP%2CCZSJ%2CDISS%2CCZST%2CNTGY%2CLGZA%2CCZTM%2CUKKV%2CUBBY%2CCZUC%2CSCAC%2CZGSD%2COEZL%2CCZUM%2CFMMN%2CVLSK%2CFMND%2CCZWL%2CZUZY%2CVGSY%2CUHSO%2CFWUU%2CKZZV&format=json&taf=false&hours=1&date=20251123_1848 (Caused by SSLError(SSLEOFError(8, '[SSL: UNEXPECTED_EOF_WHILE_READING] EOF occurred in violation of protocol (_ssl.c:1006)')))
2025-11-23 13:49:40,912 - INFO - Pulling new data...
2025-11-23 13:49:40,954 - DEBUG - Need to download 19 rounds of data
2025-11-23 13:49:42,225 - INFO - Batch No 1 pulled, status code 200
2025-11-23 13:49:45,584 - INFO - Batch No 2 pulled, status code 200
2025-11-23 13:49:46,947 - INFO - Batch No 3 pulled, status code 200
2025-11-23 13:49:48,081 - INFO - Batch No 4 pulled, status code 200
2025-11-23 13:49:49,377 - INFO - Batch No 5 pulled, status code 200
2025-11-23 13:49:50,642 - INFO - Batch No 6 pulled, status code 200
2025-11-23 13:49:51,901 - INFO - Batch No 7 pulled, status code 200
2025-11-23 13:49:52,991 - INFO - Batch No 8 pulled, status code 200
2025-11-23 13:49:54,081 - INFO - Batch No 9 pulled, status code 200
2025-11-23 13:49:55,737 - INFO - Batch No 10 pulled, status code 200
2025-11-23 13:49:56,818 - INFO - Batch No 11 pulled, status code 200
2025-11-23 13:49:58,041 - INFO - Batch No 12 pulled, status code 200
2025-11-23 13:49:59,130 - INFO - Batch No 13 pulled, status code 200
2025-11-23 13:50:00,277 - INFO - Batch No 14 pulled, status code 200
2025-11-23 13:50:01,481 - INFO - Batch No 15 pulled, status code 200
2025-11-23 13:50:02,958 - INFO - Batch No 16 pulled, status code 200
2025-11-23 13:50:04,390 - INFO - Batch No 17 pulled, status code 200
2025-11-23 13:50:05,674 - INFO - Batch No 18 pulled, status code 200
2025-11-23 13:50:13,846 - INFO - Batch No 19 pulled, status code 200
